[06-Aug-2017 12:21:16 UTC] PHP Parse error:  syntax error, unexpected '.' in /home/ubuntu/workspace/vendor/twig/twig/lib/Twig/Extension/Core.php on line 1595
[06-Aug-2017 12:21:16 UTC] PHP Stack trace:
[06-Aug-2017 12:21:16 UTC] PHP   1. {main}() /home/ubuntu/workspace/public/index.php:0
[06-Aug-2017 12:21:16 UTC] PHP   2. Slim\App->run() /home/ubuntu/workspace/public/index.php:5
[06-Aug-2017 12:21:16 UTC] PHP   3. Slim\App->process() /home/ubuntu/workspace/vendor/slim/slim/Slim/App.php:295
[06-Aug-2017 12:21:16 UTC] PHP   4. Slim\App->callMiddlewareStack() /home/ubuntu/workspace/vendor/slim/slim/Slim/App.php:370
[06-Aug-2017 12:21:16 UTC] PHP   5. Slim\App->__invoke() /home/ubuntu/workspace/vendor/slim/slim/Slim/MiddlewareAwareTrait.php:122
[06-Aug-2017 12:21:16 UTC] PHP   6. Slim\Route->run() /home/ubuntu/workspace/vendor/slim/slim/Slim/App.php:476
[06-Aug-2017 12:21:16 UTC] PHP   7. Slim\Route->callMiddlewareStack() /home/ubuntu/workspace/vendor/slim/slim/Slim/Route.php:316
[06-Aug-2017 12:21:16 UTC] PHP   8. Slim\Route->__invoke() /home/ubuntu/workspace/vendor/slim/slim/Slim/MiddlewareAwareTrait.php:122
[06-Aug-2017 12:21:16 UTC] PHP   9. Slim\Handlers\Strategies\RequestResponse->__invoke() /home/ubuntu/workspace/vendor/slim/slim/Slim/Route.php:344
[06-Aug-2017 12:21:16 UTC] PHP  10. call_user_func:{/home/ubuntu/workspace/vendor/slim/slim/Slim/Handlers/Strategies/RequestResponse.php:41}() /home/ubuntu/workspace/vendor/slim/slim/Slim/Handlers/Strategies/RequestResponse.php:41
[06-Aug-2017 12:21:16 UTC] PHP  11. Closure->{closure:/home/ubuntu/workspace/app/routes.php:3-5}() /home/ubuntu/workspace/vendor/slim/slim/Slim/Handlers/Strategies/RequestResponse.php:41
[06-Aug-2017 12:21:16 UTC] PHP  12. Slim\Container->__get() /home/ubuntu/workspace/vendor/slim/slim/Slim/Handlers/Strategies/RequestResponse.php:4
[06-Aug-2017 12:21:16 UTC] PHP  13. Slim\Container->get() /home/ubuntu/workspace/vendor/slim/slim/Slim/Container.php:172
[06-Aug-2017 12:21:16 UTC] PHP  14. Pimple\Container->offsetGet() /home/ubuntu/workspace/vendor/slim/slim/Slim/Container.php:123
[06-Aug-2017 12:21:16 UTC] PHP  15. {closure:/home/ubuntu/workspace/app/bootstrap.php:11-20}() /home/ubuntu/workspace/vendor/pimple/pimple/src/Pimple/Container.php:118
[06-Aug-2017 12:21:16 UTC] PHP  16. Slim\Views\Twig->__construct() /home/ubuntu/workspace/app/bootstrap.php:12
[06-Aug-2017 12:21:16 UTC] PHP  17. Twig_Environment->__construct() /home/ubuntu/workspace/vendor/slim/twig-view/src/Twig.php:58
[06-Aug-2017 12:21:16 UTC] PHP  18. spl_autoload_call() /home/ubuntu/workspace/vendor/slim/twig-view/src/Twig.php:106
[06-Aug-2017 12:21:16 UTC] PHP  19. Composer\Autoload\ClassLoader->loadClass() /home/ubuntu/workspace/vendor/slim/twig-view/src/Twig.php:106
[06-Aug-2017 12:21:16 UTC] PHP  20. Composer\Autoload\includeFile() /home/ubuntu/workspace/vendor/composer/ClassLoader.php:322
[06-Aug-2017 12:22:34 UTC] PHP Parse error:  syntax error, unexpected '.' in /home/ubuntu/workspace/vendor/twig/twig/lib/Twig/Extension/Core.php on line 1595
[06-Aug-2017 12:22:35 UTC] PHP Stack trace:
[06-Aug-2017 12:22:35 UTC] PHP   1. {main}() /home/ubuntu/workspace/public/index.php:0
[06-Aug-2017 12:22:35 UTC] PHP   2. Slim\App->run() /home/ubuntu/workspace/public/index.php:5
[06-Aug-2017 12:22:35 UTC] PHP   3. Slim\App->process() /home/ubuntu/workspace/vendor/slim/slim/Slim/App.php:295
[06-Aug-2017 12:22:35 UTC] PHP   4. Slim\App->callMiddlewareStack() /home/ubuntu/workspace/vendor/slim/slim/Slim/App.php:370
[06-Aug-2017 12:22:35 UTC] PHP   5. Slim\App->__invoke() /home/ubuntu/workspace/vendor/slim/slim/Slim/MiddlewareAwareTrait.php:122
[06-Aug-2017 12:22:35 UTC] PHP   6. Slim\Route->run() /home/ubuntu/workspace/vendor/slim/slim/Slim/App.php:476
[06-Aug-2017 12:22:35 UTC] PHP   7. Slim\Route->callMiddlewareStack() /home/ubuntu/workspace/vendor/slim/slim/Slim/Route.php:316
[06-Aug-2017 12:22:35 UTC] PHP   8. Slim\Route->__invoke() /home/ubuntu/workspace/vendor/slim/slim/Slim/MiddlewareAwareTrait.php:122
[06-Aug-2017 12:22:35 UTC] PHP   9. Slim\Handlers\Strategies\RequestResponse->__invoke() /home/ubuntu/workspace/vendor/slim/slim/Slim/Route.php:344
[06-Aug-2017 12:22:35 UTC] PHP  10. call_user_func:{/home/ubuntu/workspace/vendor/slim/slim/Slim/Handlers/Strategies/RequestResponse.php:41}() /home/ubuntu/workspace/vendor/slim/slim/Slim/Handlers/Strategies/RequestResponse.php:41
[06-Aug-2017 12:22:35 UTC] PHP  11. Closure->{closure:/home/ubuntu/workspace/app/routes.php:3-5}() /home/ubuntu/workspace/vendor/slim/slim/Slim/Handlers/Strategies/RequestResponse.php:41
[06-Aug-2017 12:22:35 UTC] PHP  12. Slim\Container->__get() /home/ubuntu/workspace/vendor/slim/slim/Slim/Handlers/Strategies/RequestResponse.php:4
[06-Aug-2017 12:22:35 UTC] PHP  13. Slim\Container->get() /home/ubuntu/workspace/vendor/slim/slim/Slim/Container.php:172
[06-Aug-2017 12:22:35 UTC] PHP  14. Pimple\Container->offsetGet() /home/ubuntu/workspace/vendor/slim/slim/Slim/Container.php:123
[06-Aug-2017 12:22:35 UTC] PHP  15. {closure:/home/ubuntu/workspace/app/bootstrap.php:11-20}() /home/ubuntu/workspace/vendor/pimple/pimple/src/Pimple/Container.php:118
[06-Aug-2017 12:22:35 UTC] PHP  16. Slim\Views\Twig->__construct() /home/ubuntu/workspace/app/bootstrap.php:12
[06-Aug-2017 12:22:35 UTC] PHP  17. Twig_Environment->__construct() /home/ubuntu/workspace/vendor/slim/twig-view/src/Twig.php:58
[06-Aug-2017 12:22:35 UTC] PHP  18. spl_autoload_call() /home/ubuntu/workspace/vendor/slim/twig-view/src/Twig.php:106
[06-Aug-2017 12:22:35 UTC] PHP  19. Composer\Autoload\ClassLoader->loadClass() /home/ubuntu/workspace/vendor/slim/twig-view/src/Twig.php:106
[06-Aug-2017 12:22:35 UTC] PHP  20. Composer\Autoload\includeFile() /home/ubuntu/workspace/vendor/composer/ClassLoader.php:322
[06-Aug-2017 12:25:06 UTC] PHP Parse error:  syntax error, unexpected '.' in /home/ubuntu/workspace/vendor/twig/twig/lib/Twig/Extension/Core.php on line 1595
[06-Aug-2017 12:25:06 UTC] PHP Stack trace:
[06-Aug-2017 12:25:06 UTC] PHP   1. {main}() /home/ubuntu/workspace/public/index.php:0
[06-Aug-2017 12:25:06 UTC] PHP   2. Slim\App->run() /home/ubuntu/workspace/public/index.php:5
[06-Aug-2017 12:25:06 UTC] PHP   3. Slim\App->process() /home/ubuntu/workspace/vendor/slim/slim/Slim/App.php:295
[06-Aug-2017 12:25:06 UTC] PHP   4. Slim\App->callMiddlewareStack() /home/ubuntu/workspace/vendor/slim/slim/Slim/App.php:370
[06-Aug-2017 12:25:06 UTC] PHP   5. Slim\App->__invoke() /home/ubuntu/workspace/vendor/slim/slim/Slim/MiddlewareAwareTrait.php:122
[06-Aug-2017 12:25:06 UTC] PHP   6. Slim\Route->run() /home/ubuntu/workspace/vendor/slim/slim/Slim/App.php:476
[06-Aug-2017 12:25:06 UTC] PHP   7. Slim\Route->callMiddlewareStack() /home/ubuntu/workspace/vendor/slim/slim/Slim/Route.php:316
[06-Aug-2017 12:25:06 UTC] PHP   8. Slim\Route->__invoke() /home/ubuntu/workspace/vendor/slim/slim/Slim/MiddlewareAwareTrait.php:122
[06-Aug-2017 12:25:06 UTC] PHP   9. Slim\Handlers\Strategies\RequestResponse->__invoke() /home/ubuntu/workspace/vendor/slim/slim/Slim/Route.php:344
[06-Aug-2017 12:25:06 UTC] PHP  10. call_user_func:{/home/ubuntu/workspace/vendor/slim/slim/Slim/Handlers/Strategies/RequestResponse.php:41}() /home/ubuntu/workspace/vendor/slim/slim/Slim/Handlers/Strategies/RequestResponse.php:41
[06-Aug-2017 12:25:06 UTC] PHP  11. Closure->{closure:/home/ubuntu/workspace/app/routes.php:3-5}() /home/ubuntu/workspace/vendor/slim/slim/Slim/Handlers/Strategies/RequestResponse.php:41
[06-Aug-2017 12:25:06 UTC] PHP  12. Slim\Container->__get() /home/ubuntu/workspace/vendor/slim/slim/Slim/Handlers/Strategies/RequestResponse.php:4
[06-Aug-2017 12:25:06 UTC] PHP  13. Slim\Container->get() /home/ubuntu/workspace/vendor/slim/slim/Slim/Container.php:172
[06-Aug-2017 12:25:06 UTC] PHP  14. Pimple\Container->offsetGet() /home/ubuntu/workspace/vendor/slim/slim/Slim/Container.php:123
[06-Aug-2017 12:25:06 UTC] PHP  15. {closure:/home/ubuntu/workspace/app/bootstrap.php:11-20}() /home/ubuntu/workspace/vendor/pimple/pimple/src/Pimple/Container.php:118
[06-Aug-2017 12:25:06 UTC] PHP  16. Slim\Views\Twig->__construct() /home/ubuntu/workspace/app/bootstrap.php:12
[06-Aug-2017 12:25:06 UTC] PHP  17. Twig_Environment->__construct() /home/ubuntu/workspace/vendor/slim/twig-view/src/Twig.php:58
[06-Aug-2017 12:25:06 UTC] PHP  18. spl_autoload_call() /home/ubuntu/workspace/vendor/slim/twig-view/src/Twig.php:106
[06-Aug-2017 12:25:06 UTC] PHP  19. Composer\Autoload\ClassLoader->loadClass() /home/ubuntu/workspace/vendor/slim/twig-view/src/Twig.php:106
[06-Aug-2017 12:25:06 UTC] PHP  20. Composer\Autoload\includeFile() /home/ubuntu/workspace/vendor/composer/ClassLoader.php:322
[06-Aug-2017 12:25:31 UTC] PHP Parse error:  syntax error, unexpected '.' in /home/ubuntu/workspace/vendor/twig/twig/lib/Twig/Extension/Core.php on line 1595
[06-Aug-2017 12:25:31 UTC] PHP Stack trace:
[06-Aug-2017 12:25:31 UTC] PHP   1. {main}() /home/ubuntu/workspace/public/index.php:0
[06-Aug-2017 12:25:31 UTC] PHP   2. Slim\App->run() /home/ubuntu/workspace/public/index.php:5
[06-Aug-2017 12:25:31 UTC] PHP   3. Slim\App->process() /home/ubuntu/workspace/vendor/slim/slim/Slim/App.php:295
[06-Aug-2017 12:25:31 UTC] PHP   4. Slim\App->callMiddlewareStack() /home/ubuntu/workspace/vendor/slim/slim/Slim/App.php:370
[06-Aug-2017 12:25:31 UTC] PHP   5. Slim\App->__invoke() /home/ubuntu/workspace/vendor/slim/slim/Slim/MiddlewareAwareTrait.php:122
[06-Aug-2017 12:25:31 UTC] PHP   6. Slim\Route->run() /home/ubuntu/workspace/vendor/slim/slim/Slim/App.php:476
[06-Aug-2017 12:25:31 UTC] PHP   7. Slim\Route->callMiddlewareStack() /home/ubuntu/workspace/vendor/slim/slim/Slim/Route.php:316
[06-Aug-2017 12:25:31 UTC] PHP   8. Slim\Route->__invoke() /home/ubuntu/workspace/vendor/slim/slim/Slim/MiddlewareAwareTrait.php:122
[06-Aug-2017 12:25:31 UTC] PHP   9. Slim\Handlers\Strategies\RequestResponse->__invoke() /home/ubuntu/workspace/vendor/slim/slim/Slim/Route.php:344
[06-Aug-2017 12:25:31 UTC] PHP  10. call_user_func:{/home/ubuntu/workspace/vendor/slim/slim/Slim/Handlers/Strategies/RequestResponse.php:41}() /home/ubuntu/workspace/vendor/slim/slim/Slim/Handlers/Strategies/RequestResponse.php:41
[06-Aug-2017 12:25:31 UTC] PHP  11. Closure->{closure:/home/ubuntu/workspace/app/routes.php:3-5}() /home/ubuntu/workspace/vendor/slim/slim/Slim/Handlers/Strategies/RequestResponse.php:41
[06-Aug-2017 12:25:31 UTC] PHP  12. Slim\Container->__get() /home/ubuntu/workspace/vendor/slim/slim/Slim/Handlers/Strategies/RequestResponse.php:4
[06-Aug-2017 12:25:31 UTC] PHP  13. Slim\Container->get() /home/ubuntu/workspace/vendor/slim/slim/Slim/Container.php:172
[06-Aug-2017 12:25:31 UTC] PHP  14. Pimple\Container->offsetGet() /home/ubuntu/workspace/vendor/slim/slim/Slim/Container.php:123
[06-Aug-2017 12:25:31 UTC] PHP  15. {closure:/home/ubuntu/workspace/app/bootstrap.php:11-20}() /home/ubuntu/workspace/vendor/pimple/pimple/src/Pimple/Container.php:118
[06-Aug-2017 12:25:31 UTC] PHP  16. Slim\Views\Twig->__construct() /home/ubuntu/workspace/app/bootstrap.php:12
[06-Aug-2017 12:25:31 UTC] PHP  17. Twig_Environment->__construct() /home/ubuntu/workspace/vendor/slim/twig-view/src/Twig.php:58
[06-Aug-2017 12:25:31 UTC] PHP  18. spl_autoload_call() /home/ubuntu/workspace/vendor/slim/twig-view/src/Twig.php:106
[06-Aug-2017 12:25:31 UTC] PHP  19. Composer\Autoload\ClassLoader->loadClass() /home/ubuntu/workspace/vendor/slim/twig-view/src/Twig.php:106
[06-Aug-2017 12:25:31 UTC] PHP  20. Composer\Autoload\includeFile() /home/ubuntu/workspace/vendor/composer/ClassLoader.php:322
[06-Aug-2017 12:26:22 UTC] PHP Parse error:  syntax error, unexpected '.' in /home/ubuntu/workspace/vendor/twig/twig/lib/Twig/Extension/Core.php on line 1595
[06-Aug-2017 12:26:22 UTC] PHP Stack trace:
[06-Aug-2017 12:26:22 UTC] PHP   1. {main}() /home/ubuntu/workspace/public/index.php:0
[06-Aug-2017 12:26:22 UTC] PHP   2. Slim\App->run() /home/ubuntu/workspace/public/index.php:5
[06-Aug-2017 12:26:22 UTC] PHP   3. Slim\App->process() /home/ubuntu/workspace/vendor/slim/slim/Slim/App.php:295
[06-Aug-2017 12:26:22 UTC] PHP   4. Slim\App->callMiddlewareStack() /home/ubuntu/workspace/vendor/slim/slim/Slim/App.php:370
[06-Aug-2017 12:26:22 UTC] PHP   5. Slim\App->__invoke() /home/ubuntu/workspace/vendor/slim/slim/Slim/MiddlewareAwareTrait.php:122
[06-Aug-2017 12:26:22 UTC] PHP   6. Slim\Route->run() /home/ubuntu/workspace/vendor/slim/slim/Slim/App.php:476
[06-Aug-2017 12:26:22 UTC] PHP   7. Slim\Route->callMiddlewareStack() /home/ubuntu/workspace/vendor/slim/slim/Slim/Route.php:316
[06-Aug-2017 12:26:22 UTC] PHP   8. Slim\Route->__invoke() /home/ubuntu/workspace/vendor/slim/slim/Slim/MiddlewareAwareTrait.php:122
[06-Aug-2017 12:26:22 UTC] PHP   9. Slim\Handlers\Strategies\RequestResponse->__invoke() /home/ubuntu/workspace/vendor/slim/slim/Slim/Route.php:344
[06-Aug-2017 12:26:22 UTC] PHP  10. call_user_func:{/home/ubuntu/workspace/vendor/slim/slim/Slim/Handlers/Strategies/RequestResponse.php:41}() /home/ubuntu/workspace/vendor/slim/slim/Slim/Handlers/Strategies/RequestResponse.php:41
[06-Aug-2017 12:26:22 UTC] PHP  11. Closure->{closure:/home/ubuntu/workspace/app/routes.php:3-5}() /home/ubuntu/workspace/vendor/slim/slim/Slim/Handlers/Strategies/RequestResponse.php:41
[06-Aug-2017 12:26:22 UTC] PHP  12. Slim\Container->__get() /home/ubuntu/workspace/vendor/slim/slim/Slim/Handlers/Strategies/RequestResponse.php:4
[06-Aug-2017 12:26:22 UTC] PHP  13. Slim\Container->get() /home/ubuntu/workspace/vendor/slim/slim/Slim/Container.php:172
[06-Aug-2017 12:26:22 UTC] PHP  14. Pimple\Container->offsetGet() /home/ubuntu/workspace/vendor/slim/slim/Slim/Container.php:123
[06-Aug-2017 12:26:22 UTC] PHP  15. {closure:/home/ubuntu/workspace/app/bootstrap.php:11-20}() /home/ubuntu/workspace/vendor/pimple/pimple/src/Pimple/Container.php:118
[06-Aug-2017 12:26:22 UTC] PHP  16. Slim\Views\Twig->__construct() /home/ubuntu/workspace/app/bootstrap.php:12
[06-Aug-2017 12:26:22 UTC] PHP  17. Twig_Environment->__construct() /home/ubuntu/workspace/vendor/slim/twig-view/src/Twig.php:58
[06-Aug-2017 12:26:22 UTC] PHP  18. spl_autoload_call() /home/ubuntu/workspace/vendor/slim/twig-view/src/Twig.php:106
[06-Aug-2017 12:26:22 UTC] PHP  19. Composer\Autoload\ClassLoader->loadClass() /home/ubuntu/workspace/vendor/slim/twig-view/src/Twig.php:106
[06-Aug-2017 12:26:22 UTC] PHP  20. Composer\Autoload\includeFile() /home/ubuntu/workspace/vendor/composer/ClassLoader.php:322
[06-Aug-2017 12:26:40 UTC] PHP Parse error:  syntax error, unexpected '.' in /home/ubuntu/workspace/vendor/twig/twig/lib/Twig/Extension/Core.php on line 1595
[06-Aug-2017 12:26:40 UTC] PHP Stack trace:
[06-Aug-2017 12:26:40 UTC] PHP   1. {main}() /home/ubuntu/workspace/public/index.php:0
[06-Aug-2017 12:26:40 UTC] PHP   2. Slim\App->run() /home/ubuntu/workspace/public/index.php:5
[06-Aug-2017 12:26:40 UTC] PHP   3. Slim\App->process() /home/ubuntu/workspace/vendor/slim/slim/Slim/App.php:295
[06-Aug-2017 12:26:40 UTC] PHP   4. Slim\App->callMiddlewareStack() /home/ubuntu/workspace/vendor/slim/slim/Slim/App.php:370
[06-Aug-2017 12:26:40 UTC] PHP   5. Slim\App->__invoke() /home/ubuntu/workspace/vendor/slim/slim/Slim/MiddlewareAwareTrait.php:122
[06-Aug-2017 12:26:40 UTC] PHP   6. Slim\Route->run() /home/ubuntu/workspace/vendor/slim/slim/Slim/App.php:476
[06-Aug-2017 12:26:40 UTC] PHP   7. Slim\Route->callMiddlewareStack() /home/ubuntu/workspace/vendor/slim/slim/Slim/Route.php:316
[06-Aug-2017 12:26:40 UTC] PHP   8. Slim\Route->__invoke() /home/ubuntu/workspace/vendor/slim/slim/Slim/MiddlewareAwareTrait.php:122
[06-Aug-2017 12:26:40 UTC] PHP   9. Slim\Handlers\Strategies\RequestResponse->__invoke() /home/ubuntu/workspace/vendor/slim/slim/Slim/Route.php:344
[06-Aug-2017 12:26:40 UTC] PHP  10. call_user_func:{/home/ubuntu/workspace/vendor/slim/slim/Slim/Handlers/Strategies/RequestResponse.php:41}() /home/ubuntu/workspace/vendor/slim/slim/Slim/Handlers/Strategies/RequestResponse.php:41
[06-Aug-2017 12:26:40 UTC] PHP  11. Closure->{closure:/home/ubuntu/workspace/app/routes.php:3-5}() /home/ubuntu/workspace/vendor/slim/slim/Slim/Handlers/Strategies/RequestResponse.php:41
[06-Aug-2017 12:26:40 UTC] PHP  12. Slim\Container->__get() /home/ubuntu/workspace/vendor/slim/slim/Slim/Handlers/Strategies/RequestResponse.php:4
[06-Aug-2017 12:26:40 UTC] PHP  13. Slim\Container->get() /home/ubuntu/workspace/vendor/slim/slim/Slim/Container.php:172
[06-Aug-2017 12:26:40 UTC] PHP  14. Pimple\Container->offsetGet() /home/ubuntu/workspace/vendor/slim/slim/Slim/Container.php:123
[06-Aug-2017 12:26:40 UTC] PHP  15. {closure:/home/ubuntu/workspace/app/bootstrap.php:11-20}() /home/ubuntu/workspace/vendor/pimple/pimple/src/Pimple/Container.php:118
[06-Aug-2017 12:26:40 UTC] PHP  16. Slim\Views\Twig->__construct() /home/ubuntu/workspace/app/bootstrap.php:12
[06-Aug-2017 12:26:40 UTC] PHP  17. Twig_Environment->__construct() /home/ubuntu/workspace/vendor/slim/twig-view/src/Twig.php:58
[06-Aug-2017 12:26:40 UTC] PHP  18. spl_autoload_call() /home/ubuntu/workspace/vendor/slim/twig-view/src/Twig.php:106
[06-Aug-2017 12:26:40 UTC] PHP  19. Composer\Autoload\ClassLoader->loadClass() /home/ubuntu/workspace/vendor/slim/twig-view/src/Twig.php:106
[06-Aug-2017 12:26:40 UTC] PHP  20. Composer\Autoload\includeFile() /home/ubuntu/workspace/vendor/composer/ClassLoader.php:322
[06-Aug-2017 12:26:43 UTC] PHP Parse error:  syntax error, unexpected '.' in /home/ubuntu/workspace/vendor/twig/twig/lib/Twig/Extension/Core.php on line 1595
[06-Aug-2017 12:26:43 UTC] PHP Stack trace:
[06-Aug-2017 12:26:43 UTC] PHP   1. {main}() /home/ubuntu/workspace/public/index.php:0
[06-Aug-2017 12:26:43 UTC] PHP   2. Slim\App->run() /home/ubuntu/workspace/public/index.php:5
[06-Aug-2017 12:26:43 UTC] PHP   3. Slim\App->process() /home/ubuntu/workspace/vendor/slim/slim/Slim/App.php:295
[06-Aug-2017 12:26:43 UTC] PHP   4. Slim\App->callMiddlewareStack() /home/ubuntu/workspace/vendor/slim/slim/Slim/App.php:370
[06-Aug-2017 12:26:43 UTC] PHP   5. Slim\App->__invoke() /home/ubuntu/workspace/vendor/slim/slim/Slim/MiddlewareAwareTrait.php:122
[06-Aug-2017 12:26:43 UTC] PHP   6. Slim\Route->run() /home/ubuntu/workspace/vendor/slim/slim/Slim/App.php:476
[06-Aug-2017 12:26:43 UTC] PHP   7. Slim\Route->callMiddlewareStack() /home/ubuntu/workspace/vendor/slim/slim/Slim/Route.php:316
[06-Aug-2017 12:26:43 UTC] PHP   8. Slim\Route->__invoke() /home/ubuntu/workspace/vendor/slim/slim/Slim/MiddlewareAwareTrait.php:122
[06-Aug-2017 12:26:43 UTC] PHP   9. Slim\Handlers\Strategies\RequestResponse->__invoke() /home/ubuntu/workspace/vendor/slim/slim/Slim/Route.php:344
[06-Aug-2017 12:26:43 UTC] PHP  10. call_user_func:{/home/ubuntu/workspace/vendor/slim/slim/Slim/Handlers/Strategies/RequestResponse.php:41}() /home/ubuntu/workspace/vendor/slim/slim/Slim/Handlers/Strategies/RequestResponse.php:41
[06-Aug-2017 12:26:43 UTC] PHP  11. Closure->{closure:/home/ubuntu/workspace/app/routes.php:3-5}() /home/ubuntu/workspace/vendor/slim/slim/Slim/Handlers/Strategies/RequestResponse.php:41
[06-Aug-2017 12:26:43 UTC] PHP  12. Slim\Container->__get() /home/ubuntu/workspace/vendor/slim/slim/Slim/Handlers/Strategies/RequestResponse.php:4
[06-Aug-2017 12:26:43 UTC] PHP  13. Slim\Container->get() /home/ubuntu/workspace/vendor/slim/slim/Slim/Container.php:172
[06-Aug-2017 12:26:43 UTC] PHP  14. Pimple\Container->offsetGet() /home/ubuntu/workspace/vendor/slim/slim/Slim/Container.php:123
[06-Aug-2017 12:26:43 UTC] PHP  15. {closure:/home/ubuntu/workspace/app/bootstrap.php:11-20}() /home/ubuntu/workspace/vendor/pimple/pimple/src/Pimple/Container.php:118
[06-Aug-2017 12:26:43 UTC] PHP  16. Slim\Views\Twig->__construct() /home/ubuntu/workspace/app/bootstrap.php:12
[06-Aug-2017 12:26:43 UTC] PHP  17. Twig_Environment->__construct() /home/ubuntu/workspace/vendor/slim/twig-view/src/Twig.php:58
[06-Aug-2017 12:26:43 UTC] PHP  18. spl_autoload_call() /home/ubuntu/workspace/vendor/slim/twig-view/src/Twig.php:106
[06-Aug-2017 12:26:43 UTC] PHP  19. Composer\Autoload\ClassLoader->loadClass() /home/ubuntu/workspace/vendor/slim/twig-view/src/Twig.php:106
[06-Aug-2017 12:26:43 UTC] PHP  20. Composer\Autoload\includeFile() /home/ubuntu/workspace/vendor/composer/ClassLoader.php:322
[06-Aug-2017 12:26:44 UTC] PHP Parse error:  syntax error, unexpected '.' in /home/ubuntu/workspace/vendor/twig/twig/lib/Twig/Extension/Core.php on line 1595
[06-Aug-2017 12:26:44 UTC] PHP Stack trace:
[06-Aug-2017 12:26:44 UTC] PHP   1. {main}() /home/ubuntu/workspace/public/index.php:0
[06-Aug-2017 12:26:44 UTC] PHP   2. Slim\App->run() /home/ubuntu/workspace/public/index.php:5
[06-Aug-2017 12:26:44 UTC] PHP   3. Slim\App->process() /home/ubuntu/workspace/vendor/slim/slim/Slim/App.php:295
[06-Aug-2017 12:26:44 UTC] PHP   4. Slim\App->callMiddlewareStack() /home/ubuntu/workspace/vendor/slim/slim/Slim/App.php:370
[06-Aug-2017 12:26:44 UTC] PHP   5. Slim\App->__invoke() /home/ubuntu/workspace/vendor/slim/slim/Slim/MiddlewareAwareTrait.php:122
[06-Aug-2017 12:26:44 UTC] PHP   6. Slim\Route->run() /home/ubuntu/workspace/vendor/slim/slim/Slim/App.php:476
[06-Aug-2017 12:26:44 UTC] PHP   7. Slim\Route->callMiddlewareStack() /home/ubuntu/workspace/vendor/slim/slim/Slim/Route.php:316
[06-Aug-2017 12:26:44 UTC] PHP   8. Slim\Route->__invoke() /home/ubuntu/workspace/vendor/slim/slim/Slim/MiddlewareAwareTrait.php:122
[06-Aug-2017 12:26:44 UTC] PHP   9. Slim\Handlers\Strategies\RequestResponse->__invoke() /home/ubuntu/workspace/vendor/slim/slim/Slim/Route.php:344
[06-Aug-2017 12:26:44 UTC] PHP  10. call_user_func:{/home/ubuntu/workspace/vendor/slim/slim/Slim/Handlers/Strategies/RequestResponse.php:41}() /home/ubuntu/workspace/vendor/slim/slim/Slim/Handlers/Strategies/RequestResponse.php:41
[06-Aug-2017 12:26:44 UTC] PHP  11. Closure->{closure:/home/ubuntu/workspace/app/routes.php:3-5}() /home/ubuntu/workspace/vendor/slim/slim/Slim/Handlers/Strategies/RequestResponse.php:41
[06-Aug-2017 12:26:44 UTC] PHP  12. Slim\Container->__get() /home/ubuntu/workspace/vendor/slim/slim/Slim/Handlers/Strategies/RequestResponse.php:4
[06-Aug-2017 12:26:44 UTC] PHP  13. Slim\Container->get() /home/ubuntu/workspace/vendor/slim/slim/Slim/Container.php:172
[06-Aug-2017 12:26:44 UTC] PHP  14. Pimple\Container->offsetGet() /home/ubuntu/workspace/vendor/slim/slim/Slim/Container.php:123
[06-Aug-2017 12:26:44 UTC] PHP  15. {closure:/home/ubuntu/workspace/app/bootstrap.php:11-20}() /home/ubuntu/workspace/vendor/pimple/pimple/src/Pimple/Container.php:118
[06-Aug-2017 12:26:44 UTC] PHP  16. Slim\Views\Twig->__construct() /home/ubuntu/workspace/app/bootstrap.php:12
[06-Aug-2017 12:26:44 UTC] PHP  17. Twig_Environment->__construct() /home/ubuntu/workspace/vendor/slim/twig-view/src/Twig.php:58
[06-Aug-2017 12:26:44 UTC] PHP  18. spl_autoload_call() /home/ubuntu/workspace/vendor/slim/twig-view/src/Twig.php:106
[06-Aug-2017 12:26:44 UTC] PHP  19. Composer\Autoload\ClassLoader->loadClass() /home/ubuntu/workspace/vendor/slim/twig-view/src/Twig.php:106
[06-Aug-2017 12:26:44 UTC] PHP  20. Composer\Autoload\includeFile() /home/ubuntu/workspace/vendor/composer/ClassLoader.php:322
[06-Aug-2017 12:30:20 UTC] PHP Parse error:  syntax error, unexpected '.' in /home/ubuntu/workspace/vendor/twig/twig/lib/Twig/Extension/Core.php on line 1595
[06-Aug-2017 12:30:20 UTC] PHP Stack trace:
[06-Aug-2017 12:30:20 UTC] PHP   1. {main}() /home/ubuntu/workspace/public/index.php:0
[06-Aug-2017 12:30:20 UTC] PHP   2. Slim\App->run() /home/ubuntu/workspace/public/index.php:5
[06-Aug-2017 12:30:20 UTC] PHP   3. Slim\App->process() /home/ubuntu/workspace/vendor/slim/slim/Slim/App.php:295
[06-Aug-2017 12:30:20 UTC] PHP   4. Slim\App->callMiddlewareStack() /home/ubuntu/workspace/vendor/slim/slim/Slim/App.php:370
[06-Aug-2017 12:30:20 UTC] PHP   5. Slim\App->__invoke() /home/ubuntu/workspace/vendor/slim/slim/Slim/MiddlewareAwareTrait.php:122
[06-Aug-2017 12:30:20 UTC] PHP   6. Slim\Route->run() /home/ubuntu/workspace/vendor/slim/slim/Slim/App.php:476
[06-Aug-2017 12:30:20 UTC] PHP   7. Slim\Route->callMiddlewareStack() /home/ubuntu/workspace/vendor/slim/slim/Slim/Route.php:316
[06-Aug-2017 12:30:20 UTC] PHP   8. Slim\Route->__invoke() /home/ubuntu/workspace/vendor/slim/slim/Slim/MiddlewareAwareTrait.php:122
[06-Aug-2017 12:30:20 UTC] PHP   9. Slim\Handlers\Strategies\RequestResponse->__invoke() /home/ubuntu/workspace/vendor/slim/slim/Slim/Route.php:344
[06-Aug-2017 12:30:20 UTC] PHP  10. call_user_func:{/home/ubuntu/workspace/vendor/slim/slim/Slim/Handlers/Strategies/RequestResponse.php:41}() /home/ubuntu/workspace/vendor/slim/slim/Slim/Handlers/Strategies/RequestResponse.php:41
[06-Aug-2017 12:30:20 UTC] PHP  11. Closure->{closure:/home/ubuntu/workspace/app/routes.php:3-5}() /home/ubuntu/workspace/vendor/slim/slim/Slim/Handlers/Strategies/RequestResponse.php:41
[06-Aug-2017 12:30:20 UTC] PHP  12. Slim\Container->__get() /home/ubuntu/workspace/vendor/slim/slim/Slim/Handlers/Strategies/RequestResponse.php:4
[06-Aug-2017 12:30:20 UTC] PHP  13. Slim\Container->get() /home/ubuntu/workspace/vendor/slim/slim/Slim/Container.php:172
[06-Aug-2017 12:30:20 UTC] PHP  14. Pimple\Container->offsetGet() /home/ubuntu/workspace/vendor/slim/slim/Slim/Container.php:123
[06-Aug-2017 12:30:20 UTC] PHP  15. {closure:/home/ubuntu/workspace/app/bootstrap.php:11-20}() /home/ubuntu/workspace/vendor/pimple/pimple/src/Pimple/Container.php:118
[06-Aug-2017 12:30:20 UTC] PHP  16. Slim\Views\Twig->__construct() /home/ubuntu/workspace/app/bootstrap.php:12
[06-Aug-2017 12:30:20 UTC] PHP  17. Twig_Environment->__construct() /home/ubuntu/workspace/vendor/slim/twig-view/src/Twig.php:58
[06-Aug-2017 12:30:20 UTC] PHP  18. spl_autoload_call() /home/ubuntu/workspace/vendor/slim/twig-view/src/Twig.php:106
[06-Aug-2017 12:30:20 UTC] PHP  19. Composer\Autoload\ClassLoader->loadClass() /home/ubuntu/workspace/vendor/slim/twig-view/src/Twig.php:106
[06-Aug-2017 12:30:20 UTC] PHP  20. Composer\Autoload\includeFile() /home/ubuntu/workspace/vendor/composer/ClassLoader.php:322
[06-Aug-2017 12:32:03 UTC] PHP Catchable fatal error:  Argument 1 passed to Twig_Filter::__construct() must be an instance of string, string given, called in /home/ubuntu/workspace/vendor/twig/twig/lib/Twig/Extension/Core.php on line 139 and defined in /home/ubuntu/workspace/vendor/twig/twig/lib/Twig/Filter.php on line 35
[06-Aug-2017 12:32:03 UTC] PHP Stack trace:
[06-Aug-2017 12:32:03 UTC] PHP   1. {main}() /home/ubuntu/workspace/public/index.php:0
[06-Aug-2017 12:32:03 UTC] PHP   2. Slim\App->run() /home/ubuntu/workspace/public/index.php:5
[06-Aug-2017 12:32:03 UTC] PHP   3. Slim\App->process() /home/ubuntu/workspace/vendor/slim/slim/Slim/App.php:295
[06-Aug-2017 12:32:03 UTC] PHP   4. Slim\App->callMiddlewareStack() /home/ubuntu/workspace/vendor/slim/slim/Slim/App.php:370
[06-Aug-2017 12:32:03 UTC] PHP   5. Slim\App->__invoke() /home/ubuntu/workspace/vendor/slim/slim/Slim/MiddlewareAwareTrait.php:122
[06-Aug-2017 12:32:03 UTC] PHP   6. Slim\Route->run() /home/ubuntu/workspace/vendor/slim/slim/Slim/App.php:476
[06-Aug-2017 12:32:03 UTC] PHP   7. Slim\Route->callMiddlewareStack() /home/ubuntu/workspace/vendor/slim/slim/Slim/Route.php:316
[06-Aug-2017 12:32:03 UTC] PHP   8. Slim\Route->__invoke() /home/ubuntu/workspace/vendor/slim/slim/Slim/MiddlewareAwareTrait.php:122
[06-Aug-2017 12:32:03 UTC] PHP   9. Slim\Handlers\Strategies\RequestResponse->__invoke() /home/ubuntu/workspace/vendor/slim/slim/Slim/Route.php:344
[06-Aug-2017 12:32:03 UTC] PHP  10. call_user_func:{/home/ubuntu/workspace/vendor/slim/slim/Slim/Handlers/Strategies/RequestResponse.php:41}() /home/ubuntu/workspace/vendor/slim/slim/Slim/Handlers/Strategies/RequestResponse.php:41
[06-Aug-2017 12:32:03 UTC] PHP  11. Closure->{closure:/home/ubuntu/workspace/app/routes.php:3-5}() /home/ubuntu/workspace/vendor/slim/slim/Slim/Handlers/Strategies/RequestResponse.php:41
[06-Aug-2017 12:32:03 UTC] PHP  12. Slim\Views\Twig->render() /home/ubuntu/workspace/app/routes.php:4
[06-Aug-2017 12:32:03 UTC] PHP  13. Slim\Views\Twig->fetch() /home/ubuntu/workspace/vendor/slim/twig-view/src/Twig.php:116
[06-Aug-2017 12:32:03 UTC] PHP  14. Twig_Environment->loadTemplate() /home/ubuntu/workspace/vendor/slim/twig-view/src/Twig.php:88
[06-Aug-2017 12:32:03 UTC] PHP  15. Twig_Environment->compileSource() /home/ubuntu/workspace/vendor/twig/twig/lib/Twig/Environment.php:363
[06-Aug-2017 12:32:03 UTC] PHP  16. Twig_Environment->tokenize() /home/ubuntu/workspace/vendor/twig/twig/lib/Twig/Environment.php:544
[06-Aug-2017 12:32:03 UTC] PHP  17. Twig_Lexer->__construct() /home/ubuntu/workspace/vendor/twig/twig/lib/Twig/Environment.php:488
[06-Aug-2017 12:32:03 UTC] PHP  18. Twig_Lexer->getOperatorRegex() /home/ubuntu/workspace/vendor/twig/twig/lib/Twig/Lexer.php:65
[06-Aug-2017 12:32:03 UTC] PHP  19. Twig_Environment->getUnaryOperators() /home/ubuntu/workspace/vendor/twig/twig/lib/Twig/Lexer.php:353
[06-Aug-2017 12:32:03 UTC] PHP  20. Twig_ExtensionSet->getUnaryOperators() /home/ubuntu/workspace/vendor/twig/twig/lib/Twig/Environment.php:919
[06-Aug-2017 12:32:03 UTC] PHP  21. Twig_ExtensionSet->initExtensions() /home/ubuntu/workspace/vendor/twig/twig/lib/Twig/ExtensionSet.php:398
[06-Aug-2017 12:32:03 UTC] PHP  22. Twig_ExtensionSet->initExtension() /home/ubuntu/workspace/vendor/twig/twig/lib/Twig/ExtensionSet.php:429
[06-Aug-2017 12:32:03 UTC] PHP  23. Twig_Extension_Core->getFilters() /home/ubuntu/workspace/vendor/twig/twig/lib/Twig/ExtensionSet.php:439
[06-Aug-2017 12:32:03 UTC] PHP  24. Twig_Filter->__construct() /home/ubuntu/workspace/vendor/twig/twig/lib/Twig/Extension/Core.php:139
